<?xml version="1.0" encoding="UTF-8" ?>
<testsuite failures="0" time="0" errors="0" skipped="0" tests="1" name="com.antra.contoso.domain.StudentTest">
  <properties>
    <property name="java.runtime.name" value="Java(TM) SE Runtime Environment"/>
    <property name="sun.boot.library.path" value="C:\$ANTRASW\Java\jdk1.7.0_71\jre\bin"/>
    <property name="java.vm.version" value="24.71-b01"/>
    <property name="java.vm.vendor" value="Oracle Corporation"/>
    <property name="java.vendor.url" value="http://java.oracle.com/"/>
    <property name="path.separator" value=";"/>
    <property name="guice.disable.misplaced.annotation.check" value="true"/>
    <property name="java.vm.name" value="Java HotSpot(TM) 64-Bit Server VM"/>
    <property name="file.encoding.pkg" value="sun.io"/>
    <property name="user.script" value=""/>
    <property name="user.country" value="US"/>
    <property name="sun.java.launcher" value="SUN_STANDARD"/>
    <property name="sun.os.patch.level" value="Service Pack 1"/>
    <property name="java.vm.specification.name" value="Java Virtual Machine Specification"/>
    <property name="user.dir" value="C:\Users\Yueting\Documents\GitHub\ContosoA\contosoannotation"/>
    <property name="java.runtime.version" value="1.7.0_71-b14"/>
    <property name="java.awt.graphicsenv" value="sun.awt.Win32GraphicsEnvironment"/>
    <property name="java.endorsed.dirs" value="C:\$ANTRASW\Java\jdk1.7.0_71\jre\lib\endorsed"/>
    <property name="os.arch" value="amd64"/>
    <property name="java.io.tmpdir" value="C:\Users\Yueting\AppData\Local\Temp\"/>
    <property name="line.separator" value="
"/>
    <property name="java.vm.specification.vendor" value="Oracle Corporation"/>
    <property name="user.variant" value=""/>
    <property name="os.name" value="Windows 7"/>
    <property name="classworlds.conf" value="C:\Users\Yueting\Documents\SpringWorkspace\.metadata\.plugins\org.eclipse.m2e.launching\launches\m2conf6460069413338427724.tmp"/>
    <property name="sun.jnu.encoding" value="GBK"/>
    <property name="java.library.path" value="C:\$ANTRASW\Java\jdk1.7.0_71\bin;C:\Windows\Sun\Java\bin;C:\Windows\system32;C:\Windows;C:/$ANTRASW/Java/jdk1.7.0_71/bin/../jre/bin/server;C:/$ANTRASW/Java/jdk1.7.0_71/bin/../jre/bin;C:/$ANTRASW/Java/jdk1.7.0_71/bin/../jre/lib/amd64;C:\oraclexe\app\oracle\product\10.2.0\server\bin;.;C:\$ANTRASW\MySQL\MySQL Server 5.6\bin;C:\$ANTRASW\Java\jdk1.7.0_71\bin;C:\app\Lyla\product\12.1.0\dbhome_2\bin;C:\app\Lyla\product\12.1.0\dbhome_1\bin;C:\Windows\system32;C:\Users\Yueting\Documents\Documents\Academic\Textbook\StanfordDB\SQLite;C:\Program Files (x86)\Windows Live\Shared;C:\Program Files (x86)\Git\cmd;C:\$ANTRASW\apache-maven-3.2.3\bin;C:\Program Files (x86)\MySQL\MySQL Fabric 1.5.3 &amp; MySQL Utilities 1.5.3 1.5\;C:\Program Files (x86)\MySQL\MySQL Fabric 1.5.3 &amp; MySQL Utilities 1.5.3 1.5\Doctrine extensions for PHP\;C:\$ANTRASW\sts-bundle\sts-3.6.3.RELEASE;;."/>
    <property name="java.specification.name" value="Java Platform API Specification"/>
    <property name="java.class.version" value="51.0"/>
    <property name="sun.management.compiler" value="HotSpot 64-Bit Tiered Compilers"/>
    <property name="os.version" value="6.1"/>
    <property name="user.home" value="C:\Users\Yueting"/>
    <property name="user.timezone" value="America/New_York"/>
    <property name="java.awt.printerjob" value="sun.awt.windows.WPrinterJob"/>
    <property name="java.specification.version" value="1.7"/>
    <property name="file.encoding" value="GBK"/>
    <property name="user.name" value="Yueting"/>
    <property name="java.class.path" value="/C:/$ANTRASW/sts-bundle/sts-3.6.3.RELEASE/plugins/org.eclipse.m2e.maven.runtime_1.5.0.20140605-2032/jars/plexus-classworlds-2.5.1.jar"/>
    <property name="org.slf4j.simpleLogger.defaultLogLevel" value="info"/>
    <property name="java.vm.specification.version" value="1.7"/>
    <property name="sun.arch.data.model" value="64"/>
    <property name="java.home" value="C:\$ANTRASW\Java\jdk1.7.0_71\jre"/>
    <property name="sun.java.command" value="org.codehaus.plexus.classworlds.launcher.Launcher -B install"/>
    <property name="java.specification.vendor" value="Oracle Corporation"/>
    <property name="user.language" value="en"/>
    <property name="awt.toolkit" value="sun.awt.windows.WToolkit"/>
    <property name="java.vm.info" value="mixed mode"/>
    <property name="java.version" value="1.7.0_71"/>
    <property name="java.ext.dirs" value="C:\$ANTRASW\Java\jdk1.7.0_71\jre\lib\ext;C:\Windows\Sun\Java\lib\ext"/>
    <property name="sun.boot.class.path" value="C:\$ANTRASW\Java\jdk1.7.0_71\jre\lib\resources.jar;C:\$ANTRASW\Java\jdk1.7.0_71\jre\lib\rt.jar;C:\$ANTRASW\Java\jdk1.7.0_71\jre\lib\sunrsasign.jar;C:\$ANTRASW\Java\jdk1.7.0_71\jre\lib\jsse.jar;C:\$ANTRASW\Java\jdk1.7.0_71\jre\lib\jce.jar;C:\$ANTRASW\Java\jdk1.7.0_71\jre\lib\charsets.jar;C:\$ANTRASW\Java\jdk1.7.0_71\jre\lib\jfr.jar;C:\$ANTRASW\Java\jdk1.7.0_71\jre\classes"/>
    <property name="java.vendor" value="Oracle Corporation"/>
    <property name="maven.home" value="C:\Users\Yueting\Documents\GitHub\ContosoA\contosoannotation\EMBEDDED"/>
    <property name="file.separator" value="\"/>
    <property name="java.vendor.url.bug" value="http://bugreport.sun.com/bugreport/"/>
    <property name="sun.cpu.endian" value="little"/>
    <property name="sun.io.unicode.encoding" value="UnicodeLittle"/>
    <property name="sun.desktop" value="windows"/>
    <property name="sun.cpu.isalist" value="amd64"/>
  </properties>
  <testcase time="0" classname="com.antra.contoso.domain.StudentTest" name="testFullName"/>
</testsuite>